[2025-10-27 00:36:49] local.ERROR: SQLSTATE[HY000]: General error: 1364 Field 'kota' doesn't have a default value (Connection: mysql, SQL: insert into `wisata` () values ()) {"exception":"[object] (Illuminate\\Database\\QueryException(code: HY000): SQLSTATE[HY000]: General error: 1364 Field 'kota' doesn't have a default value (Connection: mysql, SQL: insert into `wisata` () values ()) at C:\\xampp\\htdocs\\wisata\\vendor\\illuminate\\database\\Connection.php:829)
[stacktrace]
#0 C:\\xampp\\htdocs\\wisata\\vendor\\illuminate\\database\\Connection.php(783): Illuminate\\Database\\Connection->runQueryCallback('insert into `wi...', Array, Object(Closure))
#1 C:\\xampp\\htdocs\\wisata\\vendor\\illuminate\\database\\MySqlConnection.php(34): Illuminate\\Database\\Connection->run('insert into `wi...', Array, Object(Closure))
#2 C:\\xampp\\htdocs\\wisata\\vendor\\illuminate\\database\\Query\\Processors\\MySqlProcessor.php(35): Illuminate\\Database\\MySqlConnection->insert('insert into `wi...', Array, 'id_wisata')
#3 C:\\xampp\\htdocs\\wisata\\vendor\\illuminate\\database\\Query\\Builder.php(3549): Illuminate\\Database\\Query\\Processors\\MySqlProcessor->processInsertGetId(Object(Illuminate\\Database\\Query\\Builder), 'insert into `wi...', Array, 'id_wisata')
#4 C:\\xampp\\htdocs\\wisata\\vendor\\illuminate\\database\\Eloquent\\Builder.php(1982): Illuminate\\Database\\Query\\Builder->insertGetId(Array, 'id_wisata')
#5 C:\\xampp\\htdocs\\wisata\\vendor\\illuminate\\database\\Eloquent\\Model.php(1334): Illuminate\\Database\\Eloquent\\Builder->__call('insertGetId', Array)
#6 C:\\xampp\\htdocs\\wisata\\vendor\\illuminate\\database\\Eloquent\\Model.php(1299): Illuminate\\Database\\Eloquent\\Model->insertAndSetId(Object(Illuminate\\Database\\Eloquent\\Builder), Array)
#7 C:\\xampp\\htdocs\\wisata\\vendor\\illuminate\\database\\Eloquent\\Model.php(1138): Illuminate\\Database\\Eloquent\\Model->performInsert(Object(Illuminate\\Database\\Eloquent\\Builder))
#8 C:\\xampp\\htdocs\\wisata\\vendor\\illuminate\\database\\Eloquent\\Builder.php(1025): Illuminate\\Database\\Eloquent\\Model->save()
#9 C:\\xampp\\htdocs\\wisata\\vendor\\illuminate\\support\\helpers.php(320): Illuminate\\Database\\Eloquent\\Builder->Illuminate\\Database\\Eloquent\\{closure}(Object(App\\Models\\Wisata))
#10 C:\\xampp\\htdocs\\wisata\\vendor\\illuminate\\database\\Eloquent\\Builder.php(1024): tap(Object(App\\Models\\Wisata), Object(Closure))
#11 C:\\xampp\\htdocs\\wisata\\vendor\\illuminate\\support\\Traits\\ForwardsCalls.php(23): Illuminate\\Database\\Eloquent\\Builder->create(Array)
#12 C:\\xampp\\htdocs\\wisata\\vendor\\illuminate\\database\\Eloquent\\Model.php(2335): Illuminate\\Database\\Eloquent\\Model->forwardCallTo(Object(Illuminate\\Database\\Eloquent\\Builder), 'create', Array)
#13 C:\\xampp\\htdocs\\wisata\\vendor\\illuminate\\database\\Eloquent\\Model.php(2347): Illuminate\\Database\\Eloquent\\Model->__call('create', Array)
#14 C:\\xampp\\htdocs\\wisata\\app\\Http\\Controllers\\WisataController.php(17): Illuminate\\Database\\Eloquent\\Model::__callStatic('create', Array)
#15 C:\\xampp\\htdocs\\wisata\\vendor\\illuminate\\container\\BoundMethod.php(36): App\\Http\\Controllers\\WisataController->create(Object(Laravel\\Lumen\\Http\\Request))
#16 C:\\xampp\\htdocs\\wisata\\vendor\\illuminate\\container\\Util.php(41): Illuminate\\Container\\BoundMethod::Illuminate\\Container\\{closure}()
#17 C:\\xampp\\htdocs\\wisata\\vendor\\illuminate\\container\\BoundMethod.php(93): Illuminate\\Container\\Util::unwrapIfClosure(Object(Closure))
#18 C:\\xampp\\htdocs\\wisata\\vendor\\illuminate\\container\\BoundMethod.php(35): Illuminate\\Container\\BoundMethod::callBoundMethod(Object(Laravel\\Lumen\\Application), Array, Object(Closure))
#19 C:\\xampp\\htdocs\\wisata\\vendor\\illuminate\\container\\Container.php(662): Illuminate\\Container\\BoundMethod::call(Object(Laravel\\Lumen\\Application), Array, Array, NULL)
#20 C:\\xampp\\htdocs\\wisata\\vendor\\laravel\\lumen-framework\\src\\Concerns\\RoutesRequests.php(391): Illuminate\\Container\\Container->call(Array, Array)
#21 C:\\xampp\\htdocs\\wisata\\vendor\\laravel\\lumen-framework\\src\\Concerns\\RoutesRequests.php(356): Laravel\\Lumen\\Application->callControllerCallable(Array, Array)
#22 C:\\xampp\\htdocs\\wisata\\vendor\\laravel\\lumen-framework\\src\\Concerns\\RoutesRequests.php(331): Laravel\\Lumen\\Application->callLumenController(Object(App\\Http\\Controllers\\WisataController), 'create', Array)
#23 C:\\xampp\\htdocs\\wisata\\vendor\\laravel\\lumen-framework\\src\\Concerns\\RoutesRequests.php(284): Laravel\\Lumen\\Application->callControllerAction(Array)
#24 C:\\xampp\\htdocs\\wisata\\vendor\\laravel\\lumen-framework\\src\\Concerns\\RoutesRequests.php(269): Laravel\\Lumen\\Application->callActionOnArrayBasedRoute(Array)
#25 C:\\xampp\\htdocs\\wisata\\vendor\\laravel\\lumen-framework\\src\\Concerns\\RoutesRequests.php(171): Laravel\\Lumen\\Application->handleFoundRoute(Array)
#26 C:\\xampp\\htdocs\\wisata\\vendor\\laravel\\lumen-framework\\src\\Concerns\\RoutesRequests.php(431): Laravel\\Lumen\\Application->Laravel\\Lumen\\Concerns\\{closure}(Object(Laravel\\Lumen\\Http\\Request))
#27 C:\\xampp\\htdocs\\wisata\\vendor\\laravel\\lumen-framework\\src\\Concerns\\RoutesRequests.php(167): Laravel\\Lumen\\Application->sendThroughPipeline(Array, Object(Closure))
#28 C:\\xampp\\htdocs\\wisata\\vendor\\laravel\\lumen-framework\\src\\Concerns\\RoutesRequests.php(112): Laravel\\Lumen\\Application->dispatch(NULL)
#29 C:\\xampp\\htdocs\\wisata\\public\\index.php(28): Laravel\\Lumen\\Application->run()
#30 {main}

[previous exception] [object] (PDOException(code: HY000): SQLSTATE[HY000]: General error: 1364 Field 'kota' doesn't have a default value at C:\\xampp\\htdocs\\wisata\\vendor\\illuminate\\database\\MySqlConnection.php:45)
[stacktrace]
#0 C:\\xampp\\htdocs\\wisata\\vendor\\illuminate\\database\\MySqlConnection.php(45): PDOStatement->execute()
#1 C:\\xampp\\htdocs\\wisata\\vendor\\illuminate\\database\\Connection.php(816): Illuminate\\Database\\MySqlConnection->Illuminate\\Database\\{closure}('insert into `wi...', Array)
#2 C:\\xampp\\htdocs\\wisata\\vendor\\illuminate\\database\\Connection.php(783): Illuminate\\Database\\Connection->runQueryCallback('insert into `wi...', Array, Object(Closure))
#3 C:\\xampp\\htdocs\\wisata\\vendor\\illuminate\\database\\MySqlConnection.php(34): Illuminate\\Database\\Connection->run('insert into `wi...', Array, Object(Closure))
#4 C:\\xampp\\htdocs\\wisata\\vendor\\illuminate\\database\\Query\\Processors\\MySqlProcessor.php(35): Illuminate\\Database\\MySqlConnection->insert('insert into `wi...', Array, 'id_wisata')
#5 C:\\xampp\\htdocs\\wisata\\vendor\\illuminate\\database\\Query\\Builder.php(3549): Illuminate\\Database\\Query\\Processors\\MySqlProcessor->processInsertGetId(Object(Illuminate\\Database\\Query\\Builder), 'insert into `wi...', Array, 'id_wisata')
#6 C:\\xampp\\htdocs\\wisata\\vendor\\illuminate\\database\\Eloquent\\Builder.php(1982): Illuminate\\Database\\Query\\Builder->insertGetId(Array, 'id_wisata')
#7 C:\\xampp\\htdocs\\wisata\\vendor\\illuminate\\database\\Eloquent\\Model.php(1334): Illuminate\\Database\\Eloquent\\Builder->__call('insertGetId', Array)
#8 C:\\xampp\\htdocs\\wisata\\vendor\\illuminate\\database\\Eloquent\\Model.php(1299): Illuminate\\Database\\Eloquent\\Model->insertAndSetId(Object(Illuminate\\Database\\Eloquent\\Builder), Array)
#9 C:\\xampp\\htdocs\\wisata\\vendor\\illuminate\\database\\Eloquent\\Model.php(1138): Illuminate\\Database\\Eloquent\\Model->performInsert(Object(Illuminate\\Database\\Eloquent\\Builder))
#10 C:\\xampp\\htdocs\\wisata\\vendor\\illuminate\\database\\Eloquent\\Builder.php(1025): Illuminate\\Database\\Eloquent\\Model->save()
#11 C:\\xampp\\htdocs\\wisata\\vendor\\illuminate\\support\\helpers.php(320): Illuminate\\Database\\Eloquent\\Builder->Illuminate\\Database\\Eloquent\\{closure}(Object(App\\Models\\Wisata))
#12 C:\\xampp\\htdocs\\wisata\\vendor\\illuminate\\database\\Eloquent\\Builder.php(1024): tap(Object(App\\Models\\Wisata), Object(Closure))
#13 C:\\xampp\\htdocs\\wisata\\vendor\\illuminate\\support\\Traits\\ForwardsCalls.php(23): Illuminate\\Database\\Eloquent\\Builder->create(Array)
#14 C:\\xampp\\htdocs\\wisata\\vendor\\illuminate\\database\\Eloquent\\Model.php(2335): Illuminate\\Database\\Eloquent\\Model->forwardCallTo(Object(Illuminate\\Database\\Eloquent\\Builder), 'create', Array)
#15 C:\\xampp\\htdocs\\wisata\\vendor\\illuminate\\database\\Eloquent\\Model.php(2347): Illuminate\\Database\\Eloquent\\Model->__call('create', Array)
#16 C:\\xampp\\htdocs\\wisata\\app\\Http\\Controllers\\WisataController.php(17): Illuminate\\Database\\Eloquent\\Model::__callStatic('create', Array)
#17 C:\\xampp\\htdocs\\wisata\\vendor\\illuminate\\container\\BoundMethod.php(36): App\\Http\\Controllers\\WisataController->create(Object(Laravel\\Lumen\\Http\\Request))
#18 C:\\xampp\\htdocs\\wisata\\vendor\\illuminate\\container\\Util.php(41): Illuminate\\Container\\BoundMethod::Illuminate\\Container\\{closure}()
#19 C:\\xampp\\htdocs\\wisata\\vendor\\illuminate\\container\\BoundMethod.php(93): Illuminate\\Container\\Util::unwrapIfClosure(Object(Closure))
#20 C:\\xampp\\htdocs\\wisata\\vendor\\illuminate\\container\\BoundMethod.php(35): Illuminate\\Container\\BoundMethod::callBoundMethod(Object(Laravel\\Lumen\\Application), Array, Object(Closure))
#21 C:\\xampp\\htdocs\\wisata\\vendor\\illuminate\\container\\Container.php(662): Illuminate\\Container\\BoundMethod::call(Object(Laravel\\Lumen\\Application), Array, Array, NULL)
#22 C:\\xampp\\htdocs\\wisata\\vendor\\laravel\\lumen-framework\\src\\Concerns\\RoutesRequests.php(391): Illuminate\\Container\\Container->call(Array, Array)
#23 C:\\xampp\\htdocs\\wisata\\vendor\\laravel\\lumen-framework\\src\\Concerns\\RoutesRequests.php(356): Laravel\\Lumen\\Application->callControllerCallable(Array, Array)
#24 C:\\xampp\\htdocs\\wisata\\vendor\\laravel\\lumen-framework\\src\\Concerns\\RoutesRequests.php(331): Laravel\\Lumen\\Application->callLumenController(Object(App\\Http\\Controllers\\WisataController), 'create', Array)
#25 C:\\xampp\\htdocs\\wisata\\vendor\\laravel\\lumen-framework\\src\\Concerns\\RoutesRequests.php(284): Laravel\\Lumen\\Application->callControllerAction(Array)
#26 C:\\xampp\\htdocs\\wisata\\vendor\\laravel\\lumen-framework\\src\\Concerns\\RoutesRequests.php(269): Laravel\\Lumen\\Application->callActionOnArrayBasedRoute(Array)
#27 C:\\xampp\\htdocs\\wisata\\vendor\\laravel\\lumen-framework\\src\\Concerns\\RoutesRequests.php(171): Laravel\\Lumen\\Application->handleFoundRoute(Array)
#28 C:\\xampp\\htdocs\\wisata\\vendor\\laravel\\lumen-framework\\src\\Concerns\\RoutesRequests.php(431): Laravel\\Lumen\\Application->Laravel\\Lumen\\Concerns\\{closure}(Object(Laravel\\Lumen\\Http\\Request))
#29 C:\\xampp\\htdocs\\wisata\\vendor\\laravel\\lumen-framework\\src\\Concerns\\RoutesRequests.php(167): Laravel\\Lumen\\Application->sendThroughPipeline(Array, Object(Closure))
#30 C:\\xampp\\htdocs\\wisata\\vendor\\laravel\\lumen-framework\\src\\Concerns\\RoutesRequests.php(112): Laravel\\Lumen\\Application->dispatch(NULL)
#31 C:\\xampp\\htdocs\\wisata\\public\\index.php(28): Laravel\\Lumen\\Application->run()
#32 {main}
"} 
[2025-10-27 00:45:43] local.ERROR: SQLSTATE[HY000]: General error: 1205 Lock wait timeout exceeded; try restarting transaction (Connection: mysql, SQL: update `wisata` set `landmark` = Taman Basuki where `id_wisata` = 6) {"exception":"[object] (Illuminate\\Database\\QueryException(code: HY000): SQLSTATE[HY000]: General error: 1205 Lock wait timeout exceeded; try restarting transaction (Connection: mysql, SQL: update `wisata` set `landmark` = Taman Basuki where `id_wisata` = 6) at C:\\xampp\\htdocs\\wisata\\vendor\\illuminate\\database\\Connection.php:829)
[stacktrace]
#0 C:\\xampp\\htdocs\\wisata\\vendor\\illuminate\\database\\Connection.php(783): Illuminate\\Database\\Connection->runQueryCallback('update `wisata`...', Array, Object(Closure))
#1 C:\\xampp\\htdocs\\wisata\\vendor\\illuminate\\database\\Connection.php(600): Illuminate\\Database\\Connection->run('update `wisata`...', Array, Object(Closure))
#2 C:\\xampp\\htdocs\\wisata\\vendor\\illuminate\\database\\Connection.php(552): Illuminate\\Database\\Connection->affectingStatement('update `wisata`...', Array)
#3 C:\\xampp\\htdocs\\wisata\\vendor\\illuminate\\database\\Query\\Builder.php(3602): Illuminate\\Database\\Connection->update('update `wisata`...', Array)
#4 C:\\xampp\\htdocs\\wisata\\vendor\\illuminate\\database\\Eloquent\\Builder.php(1061): Illuminate\\Database\\Query\\Builder->update(Array)
#5 C:\\xampp\\htdocs\\wisata\\vendor\\illuminate\\database\\Eloquent\\Model.php(1214): Illuminate\\Database\\Eloquent\\Builder->update(Array)
#6 C:\\xampp\\htdocs\\wisata\\vendor\\illuminate\\database\\Eloquent\\Model.php(1131): Illuminate\\Database\\Eloquent\\Model->performUpdate(Object(Illuminate\\Database\\Eloquent\\Builder))
#7 C:\\xampp\\htdocs\\wisata\\vendor\\illuminate\\database\\Eloquent\\Model.php(991): Illuminate\\Database\\Eloquent\\Model->save(Array)
#8 C:\\xampp\\htdocs\\wisata\\app\\Http\\Controllers\\WisataController.php(23): Illuminate\\Database\\Eloquent\\Model->update(Array)
#9 C:\\xampp\\htdocs\\wisata\\vendor\\illuminate\\container\\BoundMethod.php(36): App\\Http\\Controllers\\WisataController->update('6', Object(Laravel\\Lumen\\Http\\Request))
#10 C:\\xampp\\htdocs\\wisata\\vendor\\illuminate\\container\\Util.php(41): Illuminate\\Container\\BoundMethod::Illuminate\\Container\\{closure}()
#11 C:\\xampp\\htdocs\\wisata\\vendor\\illuminate\\container\\BoundMethod.php(93): Illuminate\\Container\\Util::unwrapIfClosure(Object(Closure))
#12 C:\\xampp\\htdocs\\wisata\\vendor\\illuminate\\container\\BoundMethod.php(35): Illuminate\\Container\\BoundMethod::callBoundMethod(Object(Laravel\\Lumen\\Application), Array, Object(Closure))
#13 C:\\xampp\\htdocs\\wisata\\vendor\\illuminate\\container\\Container.php(662): Illuminate\\Container\\BoundMethod::call(Object(Laravel\\Lumen\\Application), Array, Array, NULL)
#14 C:\\xampp\\htdocs\\wisata\\vendor\\laravel\\lumen-framework\\src\\Concerns\\RoutesRequests.php(391): Illuminate\\Container\\Container->call(Array, Array)
#15 C:\\xampp\\htdocs\\wisata\\vendor\\laravel\\lumen-framework\\src\\Concerns\\RoutesRequests.php(356): Laravel\\Lumen\\Application->callControllerCallable(Array, Array)
#16 C:\\xampp\\htdocs\\wisata\\vendor\\laravel\\lumen-framework\\src\\Concerns\\RoutesRequests.php(331): Laravel\\Lumen\\Application->callLumenController(Object(App\\Http\\Controllers\\WisataController), 'update', Array)
#17 C:\\xampp\\htdocs\\wisata\\vendor\\laravel\\lumen-framework\\src\\Concerns\\RoutesRequests.php(284): Laravel\\Lumen\\Application->callControllerAction(Array)
#18 C:\\xampp\\htdocs\\wisata\\vendor\\laravel\\lumen-framework\\src\\Concerns\\RoutesRequests.php(269): Laravel\\Lumen\\Application->callActionOnArrayBasedRoute(Array)
#19 C:\\xampp\\htdocs\\wisata\\vendor\\laravel\\lumen-framework\\src\\Concerns\\RoutesRequests.php(239): Laravel\\Lumen\\Application->handleFoundRoute(Array)
#20 C:\\xampp\\htdocs\\wisata\\vendor\\laravel\\lumen-framework\\src\\Concerns\\RoutesRequests.php(174): Laravel\\Lumen\\Application->handleDispatcherResponse(Array)
#21 C:\\xampp\\htdocs\\wisata\\vendor\\laravel\\lumen-framework\\src\\Concerns\\RoutesRequests.php(431): Laravel\\Lumen\\Application->Laravel\\Lumen\\Concerns\\{closure}(Object(Laravel\\Lumen\\Http\\Request))
#22 C:\\xampp\\htdocs\\wisata\\vendor\\laravel\\lumen-framework\\src\\Concerns\\RoutesRequests.php(167): Laravel\\Lumen\\Application->sendThroughPipeline(Array, Object(Closure))
#23 C:\\xampp\\htdocs\\wisata\\vendor\\laravel\\lumen-framework\\src\\Concerns\\RoutesRequests.php(112): Laravel\\Lumen\\Application->dispatch(NULL)
#24 C:\\xampp\\htdocs\\wisata\\public\\index.php(28): Laravel\\Lumen\\Application->run()
#25 {main}

[previous exception] [object] (PDOException(code: HY000): SQLSTATE[HY000]: General error: 1205 Lock wait timeout exceeded; try restarting transaction at C:\\xampp\\htdocs\\wisata\\vendor\\illuminate\\database\\Connection.php:612)
[stacktrace]
#0 C:\\xampp\\htdocs\\wisata\\vendor\\illuminate\\database\\Connection.php(612): PDOStatement->execute()
#1 C:\\xampp\\htdocs\\wisata\\vendor\\illuminate\\database\\Connection.php(816): Illuminate\\Database\\Connection->Illuminate\\Database\\{closure}('update `wisata`...', Array)
#2 C:\\xampp\\htdocs\\wisata\\vendor\\illuminate\\database\\Connection.php(783): Illuminate\\Database\\Connection->runQueryCallback('update `wisata`...', Array, Object(Closure))
#3 C:\\xampp\\htdocs\\wisata\\vendor\\illuminate\\database\\Connection.php(600): Illuminate\\Database\\Connection->run('update `wisata`...', Array, Object(Closure))
#4 C:\\xampp\\htdocs\\wisata\\vendor\\illuminate\\database\\Connection.php(552): Illuminate\\Database\\Connection->affectingStatement('update `wisata`...', Array)
#5 C:\\xampp\\htdocs\\wisata\\vendor\\illuminate\\database\\Query\\Builder.php(3602): Illuminate\\Database\\Connection->update('update `wisata`...', Array)
#6 C:\\xampp\\htdocs\\wisata\\vendor\\illuminate\\database\\Eloquent\\Builder.php(1061): Illuminate\\Database\\Query\\Builder->update(Array)
#7 C:\\xampp\\htdocs\\wisata\\vendor\\illuminate\\database\\Eloquent\\Model.php(1214): Illuminate\\Database\\Eloquent\\Builder->update(Array)
#8 C:\\xampp\\htdocs\\wisata\\vendor\\illuminate\\database\\Eloquent\\Model.php(1131): Illuminate\\Database\\Eloquent\\Model->performUpdate(Object(Illuminate\\Database\\Eloquent\\Builder))
#9 C:\\xampp\\htdocs\\wisata\\vendor\\illuminate\\database\\Eloquent\\Model.php(991): Illuminate\\Database\\Eloquent\\Model->save(Array)
#10 C:\\xampp\\htdocs\\wisata\\app\\Http\\Controllers\\WisataController.php(23): Illuminate\\Database\\Eloquent\\Model->update(Array)
#11 C:\\xampp\\htdocs\\wisata\\vendor\\illuminate\\container\\BoundMethod.php(36): App\\Http\\Controllers\\WisataController->update('6', Object(Laravel\\Lumen\\Http\\Request))
#12 C:\\xampp\\htdocs\\wisata\\vendor\\illuminate\\container\\Util.php(41): Illuminate\\Container\\BoundMethod::Illuminate\\Container\\{closure}()
#13 C:\\xampp\\htdocs\\wisata\\vendor\\illuminate\\container\\BoundMethod.php(93): Illuminate\\Container\\Util::unwrapIfClosure(Object(Closure))
#14 C:\\xampp\\htdocs\\wisata\\vendor\\illuminate\\container\\BoundMethod.php(35): Illuminate\\Container\\BoundMethod::callBoundMethod(Object(Laravel\\Lumen\\Application), Array, Object(Closure))
#15 C:\\xampp\\htdocs\\wisata\\vendor\\illuminate\\container\\Container.php(662): Illuminate\\Container\\BoundMethod::call(Object(Laravel\\Lumen\\Application), Array, Array, NULL)
#16 C:\\xampp\\htdocs\\wisata\\vendor\\laravel\\lumen-framework\\src\\Concerns\\RoutesRequests.php(391): Illuminate\\Container\\Container->call(Array, Array)
#17 C:\\xampp\\htdocs\\wisata\\vendor\\laravel\\lumen-framework\\src\\Concerns\\RoutesRequests.php(356): Laravel\\Lumen\\Application->callControllerCallable(Array, Array)
#18 C:\\xampp\\htdocs\\wisata\\vendor\\laravel\\lumen-framework\\src\\Concerns\\RoutesRequests.php(331): Laravel\\Lumen\\Application->callLumenController(Object(App\\Http\\Controllers\\WisataController), 'update', Array)
#19 C:\\xampp\\htdocs\\wisata\\vendor\\laravel\\lumen-framework\\src\\Concerns\\RoutesRequests.php(284): Laravel\\Lumen\\Application->callControllerAction(Array)
#20 C:\\xampp\\htdocs\\wisata\\vendor\\laravel\\lumen-framework\\src\\Concerns\\RoutesRequests.php(269): Laravel\\Lumen\\Application->callActionOnArrayBasedRoute(Array)
#21 C:\\xampp\\htdocs\\wisata\\vendor\\laravel\\lumen-framework\\src\\Concerns\\RoutesRequests.php(239): Laravel\\Lumen\\Application->handleFoundRoute(Array)
#22 C:\\xampp\\htdocs\\wisata\\vendor\\laravel\\lumen-framework\\src\\Concerns\\RoutesRequests.php(174): Laravel\\Lumen\\Application->handleDispatcherResponse(Array)
#23 C:\\xampp\\htdocs\\wisata\\vendor\\laravel\\lumen-framework\\src\\Concerns\\RoutesRequests.php(431): Laravel\\Lumen\\Application->Laravel\\Lumen\\Concerns\\{closure}(Object(Laravel\\Lumen\\Http\\Request))
#24 C:\\xampp\\htdocs\\wisata\\vendor\\laravel\\lumen-framework\\src\\Concerns\\RoutesRequests.php(167): Laravel\\Lumen\\Application->sendThroughPipeline(Array, Object(Closure))
#25 C:\\xampp\\htdocs\\wisata\\vendor\\laravel\\lumen-framework\\src\\Concerns\\RoutesRequests.php(112): Laravel\\Lumen\\Application->dispatch(NULL)
#26 C:\\xampp\\htdocs\\wisata\\public\\index.php(28): Laravel\\Lumen\\Application->run()
#27 {main}
"} 
[2025-10-27 00:46:35] local.ERROR: SQLSTATE[HY000]: General error: 1205 Lock wait timeout exceeded; try restarting transaction (Connection: mysql, SQL: update `wisata` set `landmark` = Taman Basuki where `id_wisata` = 6) {"exception":"[object] (Illuminate\\Database\\QueryException(code: HY000): SQLSTATE[HY000]: General error: 1205 Lock wait timeout exceeded; try restarting transaction (Connection: mysql, SQL: update `wisata` set `landmark` = Taman Basuki where `id_wisata` = 6) at C:\\xampp\\htdocs\\wisata\\vendor\\illuminate\\database\\Connection.php:829)
[stacktrace]
#0 C:\\xampp\\htdocs\\wisata\\vendor\\illuminate\\database\\Connection.php(783): Illuminate\\Database\\Connection->runQueryCallback('update `wisata`...', Array, Object(Closure))
#1 C:\\xampp\\htdocs\\wisata\\vendor\\illuminate\\database\\Connection.php(600): Illuminate\\Database\\Connection->run('update `wisata`...', Array, Object(Closure))
#2 C:\\xampp\\htdocs\\wisata\\vendor\\illuminate\\database\\Connection.php(552): Illuminate\\Database\\Connection->affectingStatement('update `wisata`...', Array)
#3 C:\\xampp\\htdocs\\wisata\\vendor\\illuminate\\database\\Query\\Builder.php(3602): Illuminate\\Database\\Connection->update('update `wisata`...', Array)
#4 C:\\xampp\\htdocs\\wisata\\vendor\\illuminate\\database\\Eloquent\\Builder.php(1061): Illuminate\\Database\\Query\\Builder->update(Array)
#5 C:\\xampp\\htdocs\\wisata\\vendor\\illuminate\\database\\Eloquent\\Model.php(1214): Illuminate\\Database\\Eloquent\\Builder->update(Array)
#6 C:\\xampp\\htdocs\\wisata\\vendor\\illuminate\\database\\Eloquent\\Model.php(1131): Illuminate\\Database\\Eloquent\\Model->performUpdate(Object(Illuminate\\Database\\Eloquent\\Builder))
#7 C:\\xampp\\htdocs\\wisata\\vendor\\illuminate\\database\\Eloquent\\Model.php(991): Illuminate\\Database\\Eloquent\\Model->save(Array)
#8 C:\\xampp\\htdocs\\wisata\\app\\Http\\Controllers\\WisataController.php(23): Illuminate\\Database\\Eloquent\\Model->update(Array)
#9 C:\\xampp\\htdocs\\wisata\\vendor\\illuminate\\container\\BoundMethod.php(36): App\\Http\\Controllers\\WisataController->update('6', Object(Laravel\\Lumen\\Http\\Request))
#10 C:\\xampp\\htdocs\\wisata\\vendor\\illuminate\\container\\Util.php(41): Illuminate\\Container\\BoundMethod::Illuminate\\Container\\{closure}()
#11 C:\\xampp\\htdocs\\wisata\\vendor\\illuminate\\container\\BoundMethod.php(93): Illuminate\\Container\\Util::unwrapIfClosure(Object(Closure))
#12 C:\\xampp\\htdocs\\wisata\\vendor\\illuminate\\container\\BoundMethod.php(35): Illuminate\\Container\\BoundMethod::callBoundMethod(Object(Laravel\\Lumen\\Application), Array, Object(Closure))
#13 C:\\xampp\\htdocs\\wisata\\vendor\\illuminate\\container\\Container.php(662): Illuminate\\Container\\BoundMethod::call(Object(Laravel\\Lumen\\Application), Array, Array, NULL)
#14 C:\\xampp\\htdocs\\wisata\\vendor\\laravel\\lumen-framework\\src\\Concerns\\RoutesRequests.php(391): Illuminate\\Container\\Container->call(Array, Array)
#15 C:\\xampp\\htdocs\\wisata\\vendor\\laravel\\lumen-framework\\src\\Concerns\\RoutesRequests.php(356): Laravel\\Lumen\\Application->callControllerCallable(Array, Array)
#16 C:\\xampp\\htdocs\\wisata\\vendor\\laravel\\lumen-framework\\src\\Concerns\\RoutesRequests.php(331): Laravel\\Lumen\\Application->callLumenController(Object(App\\Http\\Controllers\\WisataController), 'update', Array)
#17 C:\\xampp\\htdocs\\wisata\\vendor\\laravel\\lumen-framework\\src\\Concerns\\RoutesRequests.php(284): Laravel\\Lumen\\Application->callControllerAction(Array)
#18 C:\\xampp\\htdocs\\wisata\\vendor\\laravel\\lumen-framework\\src\\Concerns\\RoutesRequests.php(269): Laravel\\Lumen\\Application->callActionOnArrayBasedRoute(Array)
#19 C:\\xampp\\htdocs\\wisata\\vendor\\laravel\\lumen-framework\\src\\Concerns\\RoutesRequests.php(239): Laravel\\Lumen\\Application->handleFoundRoute(Array)
#20 C:\\xampp\\htdocs\\wisata\\vendor\\laravel\\lumen-framework\\src\\Concerns\\RoutesRequests.php(174): Laravel\\Lumen\\Application->handleDispatcherResponse(Array)
#21 C:\\xampp\\htdocs\\wisata\\vendor\\laravel\\lumen-framework\\src\\Concerns\\RoutesRequests.php(431): Laravel\\Lumen\\Application->Laravel\\Lumen\\Concerns\\{closure}(Object(Laravel\\Lumen\\Http\\Request))
#22 C:\\xampp\\htdocs\\wisata\\vendor\\laravel\\lumen-framework\\src\\Concerns\\RoutesRequests.php(167): Laravel\\Lumen\\Application->sendThroughPipeline(Array, Object(Closure))
#23 C:\\xampp\\htdocs\\wisata\\vendor\\laravel\\lumen-framework\\src\\Concerns\\RoutesRequests.php(112): Laravel\\Lumen\\Application->dispatch(NULL)
#24 C:\\xampp\\htdocs\\wisata\\public\\index.php(28): Laravel\\Lumen\\Application->run()
#25 {main}

[previous exception] [object] (PDOException(code: HY000): SQLSTATE[HY000]: General error: 1205 Lock wait timeout exceeded; try restarting transaction at C:\\xampp\\htdocs\\wisata\\vendor\\illuminate\\database\\Connection.php:612)
[stacktrace]
#0 C:\\xampp\\htdocs\\wisata\\vendor\\illuminate\\database\\Connection.php(612): PDOStatement->execute()
#1 C:\\xampp\\htdocs\\wisata\\vendor\\illuminate\\database\\Connection.php(816): Illuminate\\Database\\Connection->Illuminate\\Database\\{closure}('update `wisata`...', Array)
#2 C:\\xampp\\htdocs\\wisata\\vendor\\illuminate\\database\\Connection.php(783): Illuminate\\Database\\Connection->runQueryCallback('update `wisata`...', Array, Object(Closure))
#3 C:\\xampp\\htdocs\\wisata\\vendor\\illuminate\\database\\Connection.php(600): Illuminate\\Database\\Connection->run('update `wisata`...', Array, Object(Closure))
#4 C:\\xampp\\htdocs\\wisata\\vendor\\illuminate\\database\\Connection.php(552): Illuminate\\Database\\Connection->affectingStatement('update `wisata`...', Array)
#5 C:\\xampp\\htdocs\\wisata\\vendor\\illuminate\\database\\Query\\Builder.php(3602): Illuminate\\Database\\Connection->update('update `wisata`...', Array)
#6 C:\\xampp\\htdocs\\wisata\\vendor\\illuminate\\database\\Eloquent\\Builder.php(1061): Illuminate\\Database\\Query\\Builder->update(Array)
#7 C:\\xampp\\htdocs\\wisata\\vendor\\illuminate\\database\\Eloquent\\Model.php(1214): Illuminate\\Database\\Eloquent\\Builder->update(Array)
#8 C:\\xampp\\htdocs\\wisata\\vendor\\illuminate\\database\\Eloquent\\Model.php(1131): Illuminate\\Database\\Eloquent\\Model->performUpdate(Object(Illuminate\\Database\\Eloquent\\Builder))
#9 C:\\xampp\\htdocs\\wisata\\vendor\\illuminate\\database\\Eloquent\\Model.php(991): Illuminate\\Database\\Eloquent\\Model->save(Array)
#10 C:\\xampp\\htdocs\\wisata\\app\\Http\\Controllers\\WisataController.php(23): Illuminate\\Database\\Eloquent\\Model->update(Array)
#11 C:\\xampp\\htdocs\\wisata\\vendor\\illuminate\\container\\BoundMethod.php(36): App\\Http\\Controllers\\WisataController->update('6', Object(Laravel\\Lumen\\Http\\Request))
#12 C:\\xampp\\htdocs\\wisata\\vendor\\illuminate\\container\\Util.php(41): Illuminate\\Container\\BoundMethod::Illuminate\\Container\\{closure}()
#13 C:\\xampp\\htdocs\\wisata\\vendor\\illuminate\\container\\BoundMethod.php(93): Illuminate\\Container\\Util::unwrapIfClosure(Object(Closure))
#14 C:\\xampp\\htdocs\\wisata\\vendor\\illuminate\\container\\BoundMethod.php(35): Illuminate\\Container\\BoundMethod::callBoundMethod(Object(Laravel\\Lumen\\Application), Array, Object(Closure))
#15 C:\\xampp\\htdocs\\wisata\\vendor\\illuminate\\container\\Container.php(662): Illuminate\\Container\\BoundMethod::call(Object(Laravel\\Lumen\\Application), Array, Array, NULL)
#16 C:\\xampp\\htdocs\\wisata\\vendor\\laravel\\lumen-framework\\src\\Concerns\\RoutesRequests.php(391): Illuminate\\Container\\Container->call(Array, Array)
#17 C:\\xampp\\htdocs\\wisata\\vendor\\laravel\\lumen-framework\\src\\Concerns\\RoutesRequests.php(356): Laravel\\Lumen\\Application->callControllerCallable(Array, Array)
#18 C:\\xampp\\htdocs\\wisata\\vendor\\laravel\\lumen-framework\\src\\Concerns\\RoutesRequests.php(331): Laravel\\Lumen\\Application->callLumenController(Object(App\\Http\\Controllers\\WisataController), 'update', Array)
#19 C:\\xampp\\htdocs\\wisata\\vendor\\laravel\\lumen-framework\\src\\Concerns\\RoutesRequests.php(284): Laravel\\Lumen\\Application->callControllerAction(Array)
#20 C:\\xampp\\htdocs\\wisata\\vendor\\laravel\\lumen-framework\\src\\Concerns\\RoutesRequests.php(269): Laravel\\Lumen\\Application->callActionOnArrayBasedRoute(Array)
#21 C:\\xampp\\htdocs\\wisata\\vendor\\laravel\\lumen-framework\\src\\Concerns\\RoutesRequests.php(239): Laravel\\Lumen\\Application->handleFoundRoute(Array)
#22 C:\\xampp\\htdocs\\wisata\\vendor\\laravel\\lumen-framework\\src\\Concerns\\RoutesRequests.php(174): Laravel\\Lumen\\Application->handleDispatcherResponse(Array)
#23 C:\\xampp\\htdocs\\wisata\\vendor\\laravel\\lumen-framework\\src\\Concerns\\RoutesRequests.php(431): Laravel\\Lumen\\Application->Laravel\\Lumen\\Concerns\\{closure}(Object(Laravel\\Lumen\\Http\\Request))
#24 C:\\xampp\\htdocs\\wisata\\vendor\\laravel\\lumen-framework\\src\\Concerns\\RoutesRequests.php(167): Laravel\\Lumen\\Application->sendThroughPipeline(Array, Object(Closure))
#25 C:\\xampp\\htdocs\\wisata\\vendor\\laravel\\lumen-framework\\src\\Concerns\\RoutesRequests.php(112): Laravel\\Lumen\\Application->dispatch(NULL)
#26 C:\\xampp\\htdocs\\wisata\\public\\index.php(28): Laravel\\Lumen\\Application->run()
#27 {main}
"} 
[2025-10-27 00:47:35] local.ERROR: SQLSTATE[HY000]: General error: 1205 Lock wait timeout exceeded; try restarting transaction (Connection: mysql, SQL: update `wisata` set `landmark` = Taman Basuki where `id_wisata` = 6) {"exception":"[object] (Illuminate\\Database\\QueryException(code: HY000): SQLSTATE[HY000]: General error: 1205 Lock wait timeout exceeded; try restarting transaction (Connection: mysql, SQL: update `wisata` set `landmark` = Taman Basuki where `id_wisata` = 6) at C:\\xampp\\htdocs\\wisata\\vendor\\illuminate\\database\\Connection.php:829)
[stacktrace]
#0 C:\\xampp\\htdocs\\wisata\\vendor\\illuminate\\database\\Connection.php(783): Illuminate\\Database\\Connection->runQueryCallback('update `wisata`...', Array, Object(Closure))
#1 C:\\xampp\\htdocs\\wisata\\vendor\\illuminate\\database\\Connection.php(600): Illuminate\\Database\\Connection->run('update `wisata`...', Array, Object(Closure))
#2 C:\\xampp\\htdocs\\wisata\\vendor\\illuminate\\database\\Connection.php(552): Illuminate\\Database\\Connection->affectingStatement('update `wisata`...', Array)
#3 C:\\xampp\\htdocs\\wisata\\vendor\\illuminate\\database\\Query\\Builder.php(3602): Illuminate\\Database\\Connection->update('update `wisata`...', Array)
#4 C:\\xampp\\htdocs\\wisata\\vendor\\illuminate\\database\\Eloquent\\Builder.php(1061): Illuminate\\Database\\Query\\Builder->update(Array)
#5 C:\\xampp\\htdocs\\wisata\\vendor\\illuminate\\database\\Eloquent\\Model.php(1214): Illuminate\\Database\\Eloquent\\Builder->update(Array)
#6 C:\\xampp\\htdocs\\wisata\\vendor\\illuminate\\database\\Eloquent\\Model.php(1131): Illuminate\\Database\\Eloquent\\Model->performUpdate(Object(Illuminate\\Database\\Eloquent\\Builder))
#7 C:\\xampp\\htdocs\\wisata\\vendor\\illuminate\\database\\Eloquent\\Model.php(991): Illuminate\\Database\\Eloquent\\Model->save(Array)
#8 C:\\xampp\\htdocs\\wisata\\app\\Http\\Controllers\\WisataController.php(23): Illuminate\\Database\\Eloquent\\Model->update(Array)
#9 C:\\xampp\\htdocs\\wisata\\vendor\\illuminate\\container\\BoundMethod.php(36): App\\Http\\Controllers\\WisataController->update('6', Object(Laravel\\Lumen\\Http\\Request))
#10 C:\\xampp\\htdocs\\wisata\\vendor\\illuminate\\container\\Util.php(41): Illuminate\\Container\\BoundMethod::Illuminate\\Container\\{closure}()
#11 C:\\xampp\\htdocs\\wisata\\vendor\\illuminate\\container\\BoundMethod.php(93): Illuminate\\Container\\Util::unwrapIfClosure(Object(Closure))
#12 C:\\xampp\\htdocs\\wisata\\vendor\\illuminate\\container\\BoundMethod.php(35): Illuminate\\Container\\BoundMethod::callBoundMethod(Object(Laravel\\Lumen\\Application), Array, Object(Closure))
#13 C:\\xampp\\htdocs\\wisata\\vendor\\illuminate\\container\\Container.php(662): Illuminate\\Container\\BoundMethod::call(Object(Laravel\\Lumen\\Application), Array, Array, NULL)
#14 C:\\xampp\\htdocs\\wisata\\vendor\\laravel\\lumen-framework\\src\\Concerns\\RoutesRequests.php(391): Illuminate\\Container\\Container->call(Array, Array)
#15 C:\\xampp\\htdocs\\wisata\\vendor\\laravel\\lumen-framework\\src\\Concerns\\RoutesRequests.php(356): Laravel\\Lumen\\Application->callControllerCallable(Array, Array)
#16 C:\\xampp\\htdocs\\wisata\\vendor\\laravel\\lumen-framework\\src\\Concerns\\RoutesRequests.php(331): Laravel\\Lumen\\Application->callLumenController(Object(App\\Http\\Controllers\\WisataController), 'update', Array)
#17 C:\\xampp\\htdocs\\wisata\\vendor\\laravel\\lumen-framework\\src\\Concerns\\RoutesRequests.php(284): Laravel\\Lumen\\Application->callControllerAction(Array)
#18 C:\\xampp\\htdocs\\wisata\\vendor\\laravel\\lumen-framework\\src\\Concerns\\RoutesRequests.php(269): Laravel\\Lumen\\Application->callActionOnArrayBasedRoute(Array)
#19 C:\\xampp\\htdocs\\wisata\\vendor\\laravel\\lumen-framework\\src\\Concerns\\RoutesRequests.php(239): Laravel\\Lumen\\Application->handleFoundRoute(Array)
#20 C:\\xampp\\htdocs\\wisata\\vendor\\laravel\\lumen-framework\\src\\Concerns\\RoutesRequests.php(174): Laravel\\Lumen\\Application->handleDispatcherResponse(Array)
#21 C:\\xampp\\htdocs\\wisata\\vendor\\laravel\\lumen-framework\\src\\Concerns\\RoutesRequests.php(431): Laravel\\Lumen\\Application->Laravel\\Lumen\\Concerns\\{closure}(Object(Laravel\\Lumen\\Http\\Request))
#22 C:\\xampp\\htdocs\\wisata\\vendor\\laravel\\lumen-framework\\src\\Concerns\\RoutesRequests.php(167): Laravel\\Lumen\\Application->sendThroughPipeline(Array, Object(Closure))
#23 C:\\xampp\\htdocs\\wisata\\vendor\\laravel\\lumen-framework\\src\\Concerns\\RoutesRequests.php(112): Laravel\\Lumen\\Application->dispatch(NULL)
#24 C:\\xampp\\htdocs\\wisata\\public\\index.php(28): Laravel\\Lumen\\Application->run()
#25 {main}

[previous exception] [object] (PDOException(code: HY000): SQLSTATE[HY000]: General error: 1205 Lock wait timeout exceeded; try restarting transaction at C:\\xampp\\htdocs\\wisata\\vendor\\illuminate\\database\\Connection.php:612)
[stacktrace]
#0 C:\\xampp\\htdocs\\wisata\\vendor\\illuminate\\database\\Connection.php(612): PDOStatement->execute()
#1 C:\\xampp\\htdocs\\wisata\\vendor\\illuminate\\database\\Connection.php(816): Illuminate\\Database\\Connection->Illuminate\\Database\\{closure}('update `wisata`...', Array)
#2 C:\\xampp\\htdocs\\wisata\\vendor\\illuminate\\database\\Connection.php(783): Illuminate\\Database\\Connection->runQueryCallback('update `wisata`...', Array, Object(Closure))
#3 C:\\xampp\\htdocs\\wisata\\vendor\\illuminate\\database\\Connection.php(600): Illuminate\\Database\\Connection->run('update `wisata`...', Array, Object(Closure))
#4 C:\\xampp\\htdocs\\wisata\\vendor\\illuminate\\database\\Connection.php(552): Illuminate\\Database\\Connection->affectingStatement('update `wisata`...', Array)
#5 C:\\xampp\\htdocs\\wisata\\vendor\\illuminate\\database\\Query\\Builder.php(3602): Illuminate\\Database\\Connection->update('update `wisata`...', Array)
#6 C:\\xampp\\htdocs\\wisata\\vendor\\illuminate\\database\\Eloquent\\Builder.php(1061): Illuminate\\Database\\Query\\Builder->update(Array)
#7 C:\\xampp\\htdocs\\wisata\\vendor\\illuminate\\database\\Eloquent\\Model.php(1214): Illuminate\\Database\\Eloquent\\Builder->update(Array)
#8 C:\\xampp\\htdocs\\wisata\\vendor\\illuminate\\database\\Eloquent\\Model.php(1131): Illuminate\\Database\\Eloquent\\Model->performUpdate(Object(Illuminate\\Database\\Eloquent\\Builder))
#9 C:\\xampp\\htdocs\\wisata\\vendor\\illuminate\\database\\Eloquent\\Model.php(991): Illuminate\\Database\\Eloquent\\Model->save(Array)
#10 C:\\xampp\\htdocs\\wisata\\app\\Http\\Controllers\\WisataController.php(23): Illuminate\\Database\\Eloquent\\Model->update(Array)
#11 C:\\xampp\\htdocs\\wisata\\vendor\\illuminate\\container\\BoundMethod.php(36): App\\Http\\Controllers\\WisataController->update('6', Object(Laravel\\Lumen\\Http\\Request))
#12 C:\\xampp\\htdocs\\wisata\\vendor\\illuminate\\container\\Util.php(41): Illuminate\\Container\\BoundMethod::Illuminate\\Container\\{closure}()
#13 C:\\xampp\\htdocs\\wisata\\vendor\\illuminate\\container\\BoundMethod.php(93): Illuminate\\Container\\Util::unwrapIfClosure(Object(Closure))
#14 C:\\xampp\\htdocs\\wisata\\vendor\\illuminate\\container\\BoundMethod.php(35): Illuminate\\Container\\BoundMethod::callBoundMethod(Object(Laravel\\Lumen\\Application), Array, Object(Closure))
#15 C:\\xampp\\htdocs\\wisata\\vendor\\illuminate\\container\\Container.php(662): Illuminate\\Container\\BoundMethod::call(Object(Laravel\\Lumen\\Application), Array, Array, NULL)
#16 C:\\xampp\\htdocs\\wisata\\vendor\\laravel\\lumen-framework\\src\\Concerns\\RoutesRequests.php(391): Illuminate\\Container\\Container->call(Array, Array)
#17 C:\\xampp\\htdocs\\wisata\\vendor\\laravel\\lumen-framework\\src\\Concerns\\RoutesRequests.php(356): Laravel\\Lumen\\Application->callControllerCallable(Array, Array)
#18 C:\\xampp\\htdocs\\wisata\\vendor\\laravel\\lumen-framework\\src\\Concerns\\RoutesRequests.php(331): Laravel\\Lumen\\Application->callLumenController(Object(App\\Http\\Controllers\\WisataController), 'update', Array)
#19 C:\\xampp\\htdocs\\wisata\\vendor\\laravel\\lumen-framework\\src\\Concerns\\RoutesRequests.php(284): Laravel\\Lumen\\Application->callControllerAction(Array)
#20 C:\\xampp\\htdocs\\wisata\\vendor\\laravel\\lumen-framework\\src\\Concerns\\RoutesRequests.php(269): Laravel\\Lumen\\Application->callActionOnArrayBasedRoute(Array)
#21 C:\\xampp\\htdocs\\wisata\\vendor\\laravel\\lumen-framework\\src\\Concerns\\RoutesRequests.php(239): Laravel\\Lumen\\Application->handleFoundRoute(Array)
#22 C:\\xampp\\htdocs\\wisata\\vendor\\laravel\\lumen-framework\\src\\Concerns\\RoutesRequests.php(174): Laravel\\Lumen\\Application->handleDispatcherResponse(Array)
#23 C:\\xampp\\htdocs\\wisata\\vendor\\laravel\\lumen-framework\\src\\Concerns\\RoutesRequests.php(431): Laravel\\Lumen\\Application->Laravel\\Lumen\\Concerns\\{closure}(Object(Laravel\\Lumen\\Http\\Request))
#24 C:\\xampp\\htdocs\\wisata\\vendor\\laravel\\lumen-framework\\src\\Concerns\\RoutesRequests.php(167): Laravel\\Lumen\\Application->sendThroughPipeline(Array, Object(Closure))
#25 C:\\xampp\\htdocs\\wisata\\vendor\\laravel\\lumen-framework\\src\\Concerns\\RoutesRequests.php(112): Laravel\\Lumen\\Application->dispatch(NULL)
#26 C:\\xampp\\htdocs\\wisata\\public\\index.php(28): Laravel\\Lumen\\Application->run()
#27 {main}
"} 
[2025-10-27 00:48:59] local.ERROR: SQLSTATE[HY000] [2002] No connection could be made because the target machine actively refused it (Connection: mysql, SQL: update `wisata` set `landmark` = Taman Basuki where `id_wisata` = 6) {"exception":"[object] (Illuminate\\Database\\QueryException(code: 2002): SQLSTATE[HY000] [2002] No connection could be made because the target machine actively refused it (Connection: mysql, SQL: update `wisata` set `landmark` = Taman Basuki where `id_wisata` = 6) at C:\\xampp\\htdocs\\wisata\\vendor\\illuminate\\database\\Connection.php:829)
[stacktrace]
#0 C:\\xampp\\htdocs\\wisata\\vendor\\illuminate\\database\\Connection.php(983): Illuminate\\Database\\Connection->runQueryCallback('update `wisata`...', Array, Object(Closure))
#1 C:\\xampp\\htdocs\\wisata\\vendor\\illuminate\\database\\Connection.php(962): Illuminate\\Database\\Connection->tryAgainIfCausedByLostConnection(Object(Illuminate\\Database\\QueryException), 'update `wisata`...', Array, Object(Closure))
#2 C:\\xampp\\htdocs\\wisata\\vendor\\illuminate\\database\\Connection.php(785): Illuminate\\Database\\Connection->handleQueryException(Object(Illuminate\\Database\\QueryException), 'update `wisata`...', Array, Object(Closure))
#3 C:\\xampp\\htdocs\\wisata\\vendor\\illuminate\\database\\Connection.php(600): Illuminate\\Database\\Connection->run('update `wisata`...', Array, Object(Closure))
#4 C:\\xampp\\htdocs\\wisata\\vendor\\illuminate\\database\\Connection.php(552): Illuminate\\Database\\Connection->affectingStatement('update `wisata`...', Array)
#5 C:\\xampp\\htdocs\\wisata\\vendor\\illuminate\\database\\Query\\Builder.php(3602): Illuminate\\Database\\Connection->update('update `wisata`...', Array)
#6 C:\\xampp\\htdocs\\wisata\\vendor\\illuminate\\database\\Eloquent\\Builder.php(1061): Illuminate\\Database\\Query\\Builder->update(Array)
#7 C:\\xampp\\htdocs\\wisata\\vendor\\illuminate\\database\\Eloquent\\Model.php(1214): Illuminate\\Database\\Eloquent\\Builder->update(Array)
#8 C:\\xampp\\htdocs\\wisata\\vendor\\illuminate\\database\\Eloquent\\Model.php(1131): Illuminate\\Database\\Eloquent\\Model->performUpdate(Object(Illuminate\\Database\\Eloquent\\Builder))
#9 C:\\xampp\\htdocs\\wisata\\vendor\\illuminate\\database\\Eloquent\\Model.php(991): Illuminate\\Database\\Eloquent\\Model->save(Array)
#10 C:\\xampp\\htdocs\\wisata\\app\\Http\\Controllers\\WisataController.php(23): Illuminate\\Database\\Eloquent\\Model->update(Array)
#11 C:\\xampp\\htdocs\\wisata\\vendor\\illuminate\\container\\BoundMethod.php(36): App\\Http\\Controllers\\WisataController->update('6', Object(Laravel\\Lumen\\Http\\Request))
#12 C:\\xampp\\htdocs\\wisata\\vendor\\illuminate\\container\\Util.php(41): Illuminate\\Container\\BoundMethod::Illuminate\\Container\\{closure}()
#13 C:\\xampp\\htdocs\\wisata\\vendor\\illuminate\\container\\BoundMethod.php(93): Illuminate\\Container\\Util::unwrapIfClosure(Object(Closure))
#14 C:\\xampp\\htdocs\\wisata\\vendor\\illuminate\\container\\BoundMethod.php(35): Illuminate\\Container\\BoundMethod::callBoundMethod(Object(Laravel\\Lumen\\Application), Array, Object(Closure))
#15 C:\\xampp\\htdocs\\wisata\\vendor\\illuminate\\container\\Container.php(662): Illuminate\\Container\\BoundMethod::call(Object(Laravel\\Lumen\\Application), Array, Array, NULL)
#16 C:\\xampp\\htdocs\\wisata\\vendor\\laravel\\lumen-framework\\src\\Concerns\\RoutesRequests.php(391): Illuminate\\Container\\Container->call(Array, Array)
#17 C:\\xampp\\htdocs\\wisata\\vendor\\laravel\\lumen-framework\\src\\Concerns\\RoutesRequests.php(356): Laravel\\Lumen\\Application->callControllerCallable(Array, Array)
#18 C:\\xampp\\htdocs\\wisata\\vendor\\laravel\\lumen-framework\\src\\Concerns\\RoutesRequests.php(331): Laravel\\Lumen\\Application->callLumenController(Object(App\\Http\\Controllers\\WisataController), 'update', Array)
#19 C:\\xampp\\htdocs\\wisata\\vendor\\laravel\\lumen-framework\\src\\Concerns\\RoutesRequests.php(284): Laravel\\Lumen\\Application->callControllerAction(Array)
#20 C:\\xampp\\htdocs\\wisata\\vendor\\laravel\\lumen-framework\\src\\Concerns\\RoutesRequests.php(269): Laravel\\Lumen\\Application->callActionOnArrayBasedRoute(Array)
#21 C:\\xampp\\htdocs\\wisata\\vendor\\laravel\\lumen-framework\\src\\Concerns\\RoutesRequests.php(239): Laravel\\Lumen\\Application->handleFoundRoute(Array)
#22 C:\\xampp\\htdocs\\wisata\\vendor\\laravel\\lumen-framework\\src\\Concerns\\RoutesRequests.php(174): Laravel\\Lumen\\Application->handleDispatcherResponse(Array)
#23 C:\\xampp\\htdocs\\wisata\\vendor\\laravel\\lumen-framework\\src\\Concerns\\RoutesRequests.php(431): Laravel\\Lumen\\Application->Laravel\\Lumen\\Concerns\\{closure}(Object(Laravel\\Lumen\\Http\\Request))
#24 C:\\xampp\\htdocs\\wisata\\vendor\\laravel\\lumen-framework\\src\\Concerns\\RoutesRequests.php(167): Laravel\\Lumen\\Application->sendThroughPipeline(Array, Object(Closure))
#25 C:\\xampp\\htdocs\\wisata\\vendor\\laravel\\lumen-framework\\src\\Concerns\\RoutesRequests.php(112): Laravel\\Lumen\\Application->dispatch(NULL)
#26 C:\\xampp\\htdocs\\wisata\\public\\index.php(28): Laravel\\Lumen\\Application->run()
#27 {main}

[previous exception] [object] (PDOException(code: 2002): SQLSTATE[HY000] [2002] No connection could be made because the target machine actively refused it at C:\\xampp\\htdocs\\wisata\\vendor\\illuminate\\database\\Connectors\\Connector.php:65)
[stacktrace]
#0 C:\\xampp\\htdocs\\wisata\\vendor\\illuminate\\database\\Connectors\\Connector.php(65): PDO->__construct('mysql:host=127....', 'root', Object(SensitiveParameterValue), Array)
#1 C:\\xampp\\htdocs\\wisata\\vendor\\illuminate\\database\\Connectors\\Connector.php(83): Illuminate\\Database\\Connectors\\Connector->createPdoConnection('mysql:host=127....', 'root', '', Array)
#2 C:\\xampp\\htdocs\\wisata\\vendor\\illuminate\\database\\Connectors\\Connector.php(48): Illuminate\\Database\\Connectors\\Connector->tryAgainIfCausedByLostConnection(Object(PDOException), 'mysql:host=127....', 'root', '', Array)
#3 C:\\xampp\\htdocs\\wisata\\vendor\\illuminate\\database\\Connectors\\MySqlConnector.php(24): Illuminate\\Database\\Connectors\\Connector->createConnection('mysql:host=127....', Array, Array)
#4 C:\\xampp\\htdocs\\wisata\\vendor\\illuminate\\database\\Connectors\\ConnectionFactory.php(184): Illuminate\\Database\\Connectors\\MySqlConnector->connect(Array)
#5 [internal function]: Illuminate\\Database\\Connectors\\ConnectionFactory->Illuminate\\Database\\Connectors\\{closure}()
#6 C:\\xampp\\htdocs\\wisata\\vendor\\illuminate\\database\\Connection.php(1339): call_user_func(Object(Closure))
#7 C:\\xampp\\htdocs\\wisata\\vendor\\illuminate\\database\\Connection.php(608): Illuminate\\Database\\Connection->getPdo()
#8 C:\\xampp\\htdocs\\wisata\\vendor\\illuminate\\database\\Connection.php(816): Illuminate\\Database\\Connection->Illuminate\\Database\\{closure}('update `wisata`...', Array)
#9 C:\\xampp\\htdocs\\wisata\\vendor\\illuminate\\database\\Connection.php(983): Illuminate\\Database\\Connection->runQueryCallback('update `wisata`...', Array, Object(Closure))
#10 C:\\xampp\\htdocs\\wisata\\vendor\\illuminate\\database\\Connection.php(962): Illuminate\\Database\\Connection->tryAgainIfCausedByLostConnection(Object(Illuminate\\Database\\QueryException), 'update `wisata`...', Array, Object(Closure))
#11 C:\\xampp\\htdocs\\wisata\\vendor\\illuminate\\database\\Connection.php(785): Illuminate\\Database\\Connection->handleQueryException(Object(Illuminate\\Database\\QueryException), 'update `wisata`...', Array, Object(Closure))
#12 C:\\xampp\\htdocs\\wisata\\vendor\\illuminate\\database\\Connection.php(600): Illuminate\\Database\\Connection->run('update `wisata`...', Array, Object(Closure))
#13 C:\\xampp\\htdocs\\wisata\\vendor\\illuminate\\database\\Connection.php(552): Illuminate\\Database\\Connection->affectingStatement('update `wisata`...', Array)
#14 C:\\xampp\\htdocs\\wisata\\vendor\\illuminate\\database\\Query\\Builder.php(3602): Illuminate\\Database\\Connection->update('update `wisata`...', Array)
#15 C:\\xampp\\htdocs\\wisata\\vendor\\illuminate\\database\\Eloquent\\Builder.php(1061): Illuminate\\Database\\Query\\Builder->update(Array)
#16 C:\\xampp\\htdocs\\wisata\\vendor\\illuminate\\database\\Eloquent\\Model.php(1214): Illuminate\\Database\\Eloquent\\Builder->update(Array)
#17 C:\\xampp\\htdocs\\wisata\\vendor\\illuminate\\database\\Eloquent\\Model.php(1131): Illuminate\\Database\\Eloquent\\Model->performUpdate(Object(Illuminate\\Database\\Eloquent\\Builder))
#18 C:\\xampp\\htdocs\\wisata\\vendor\\illuminate\\database\\Eloquent\\Model.php(991): Illuminate\\Database\\Eloquent\\Model->save(Array)
#19 C:\\xampp\\htdocs\\wisata\\app\\Http\\Controllers\\WisataController.php(23): Illuminate\\Database\\Eloquent\\Model->update(Array)
#20 C:\\xampp\\htdocs\\wisata\\vendor\\illuminate\\container\\BoundMethod.php(36): App\\Http\\Controllers\\WisataController->update('6', Object(Laravel\\Lumen\\Http\\Request))
#21 C:\\xampp\\htdocs\\wisata\\vendor\\illuminate\\container\\Util.php(41): Illuminate\\Container\\BoundMethod::Illuminate\\Container\\{closure}()
#22 C:\\xampp\\htdocs\\wisata\\vendor\\illuminate\\container\\BoundMethod.php(93): Illuminate\\Container\\Util::unwrapIfClosure(Object(Closure))
#23 C:\\xampp\\htdocs\\wisata\\vendor\\illuminate\\container\\BoundMethod.php(35): Illuminate\\Container\\BoundMethod::callBoundMethod(Object(Laravel\\Lumen\\Application), Array, Object(Closure))
#24 C:\\xampp\\htdocs\\wisata\\vendor\\illuminate\\container\\Container.php(662): Illuminate\\Container\\BoundMethod::call(Object(Laravel\\Lumen\\Application), Array, Array, NULL)
#25 C:\\xampp\\htdocs\\wisata\\vendor\\laravel\\lumen-framework\\src\\Concerns\\RoutesRequests.php(391): Illuminate\\Container\\Container->call(Array, Array)
#26 C:\\xampp\\htdocs\\wisata\\vendor\\laravel\\lumen-framework\\src\\Concerns\\RoutesRequests.php(356): Laravel\\Lumen\\Application->callControllerCallable(Array, Array)
#27 C:\\xampp\\htdocs\\wisata\\vendor\\laravel\\lumen-framework\\src\\Concerns\\RoutesRequests.php(331): Laravel\\Lumen\\Application->callLumenController(Object(App\\Http\\Controllers\\WisataController), 'update', Array)
#28 C:\\xampp\\htdocs\\wisata\\vendor\\laravel\\lumen-framework\\src\\Concerns\\RoutesRequests.php(284): Laravel\\Lumen\\Application->callControllerAction(Array)
#29 C:\\xampp\\htdocs\\wisata\\vendor\\laravel\\lumen-framework\\src\\Concerns\\RoutesRequests.php(269): Laravel\\Lumen\\Application->callActionOnArrayBasedRoute(Array)
#30 C:\\xampp\\htdocs\\wisata\\vendor\\laravel\\lumen-framework\\src\\Concerns\\RoutesRequests.php(239): Laravel\\Lumen\\Application->handleFoundRoute(Array)
#31 C:\\xampp\\htdocs\\wisata\\vendor\\laravel\\lumen-framework\\src\\Concerns\\RoutesRequests.php(174): Laravel\\Lumen\\Application->handleDispatcherResponse(Array)
#32 C:\\xampp\\htdocs\\wisata\\vendor\\laravel\\lumen-framework\\src\\Concerns\\RoutesRequests.php(431): Laravel\\Lumen\\Application->Laravel\\Lumen\\Concerns\\{closure}(Object(Laravel\\Lumen\\Http\\Request))
#33 C:\\xampp\\htdocs\\wisata\\vendor\\laravel\\lumen-framework\\src\\Concerns\\RoutesRequests.php(167): Laravel\\Lumen\\Application->sendThroughPipeline(Array, Object(Closure))
#34 C:\\xampp\\htdocs\\wisata\\vendor\\laravel\\lumen-framework\\src\\Concerns\\RoutesRequests.php(112): Laravel\\Lumen\\Application->dispatch(NULL)
#35 C:\\xampp\\htdocs\\wisata\\public\\index.php(28): Laravel\\Lumen\\Application->run()
#36 {main}
"} 
