[2025-11-10 01:54:21] local.ERROR: Token could not be parsed from the request. {"exception":"[object] (Tymon\\JWTAuth\\Exceptions\\JWTException(code: 0): Token could not be parsed from the request. at C:\\xampp\\htdocs\\wisata\\vendor\\tymon\\jwt-auth\\src\\JWTGuard.php:412)
[stacktrace]
#0 C:\\xampp\\htdocs\\wisata\\vendor\\tymon\\jwt-auth\\src\\JWTGuard.php(152): Tymon\\JWTAuth\\JWTGuard->requireToken()
#1 C:\\xampp\\htdocs\\wisata\\vendor\\illuminate\\auth\\AuthManager.php(340): Tymon\\JWTAuth\\JWTGuard->logout()
#2 C:\\xampp\\htdocs\\wisata\\app\\Http\\Controllers\\AuthController.php(46): Illuminate\\Auth\\AuthManager->__call('logout', Array)
#3 C:\\xampp\\htdocs\\wisata\\vendor\\illuminate\\container\\BoundMethod.php(36): App\\Http\\Controllers\\AuthController->logout()
#4 C:\\xampp\\htdocs\\wisata\\vendor\\illuminate\\container\\Util.php(41): Illuminate\\Container\\BoundMethod::Illuminate\\Container\\{closure}()
#5 C:\\xampp\\htdocs\\wisata\\vendor\\illuminate\\container\\BoundMethod.php(93): Illuminate\\Container\\Util::unwrapIfClosure(Object(Closure))
#6 C:\\xampp\\htdocs\\wisata\\vendor\\illuminate\\container\\BoundMethod.php(35): Illuminate\\Container\\BoundMethod::callBoundMethod(Object(Laravel\\Lumen\\Application), Array, Object(Closure))
#7 C:\\xampp\\htdocs\\wisata\\vendor\\illuminate\\container\\Container.php(662): Illuminate\\Container\\BoundMethod::call(Object(Laravel\\Lumen\\Application), Array, Array, NULL)
#8 C:\\xampp\\htdocs\\wisata\\vendor\\laravel\\lumen-framework\\src\\Concerns\\RoutesRequests.php(391): Illuminate\\Container\\Container->call(Array, Array)
#9 C:\\xampp\\htdocs\\wisata\\vendor\\laravel\\lumen-framework\\src\\Concerns\\RoutesRequests.php(356): Laravel\\Lumen\\Application->callControllerCallable(Array, Array)
#10 C:\\xampp\\htdocs\\wisata\\vendor\\laravel\\lumen-framework\\src\\Concerns\\RoutesRequests.php(331): Laravel\\Lumen\\Application->callLumenController(Object(App\\Http\\Controllers\\AuthController), 'logout', Array)
#11 C:\\xampp\\htdocs\\wisata\\vendor\\laravel\\lumen-framework\\src\\Concerns\\RoutesRequests.php(284): Laravel\\Lumen\\Application->callControllerAction(Array)
#12 C:\\xampp\\htdocs\\wisata\\vendor\\laravel\\lumen-framework\\src\\Concerns\\RoutesRequests.php(269): Laravel\\Lumen\\Application->callActionOnArrayBasedRoute(Array)
#13 C:\\xampp\\htdocs\\wisata\\vendor\\laravel\\lumen-framework\\src\\Concerns\\RoutesRequests.php(171): Laravel\\Lumen\\Application->handleFoundRoute(Array)
#14 C:\\xampp\\htdocs\\wisata\\vendor\\laravel\\lumen-framework\\src\\Concerns\\RoutesRequests.php(431): Laravel\\Lumen\\Application->Laravel\\Lumen\\Concerns\\{closure}(Object(Laravel\\Lumen\\Http\\Request))
#15 C:\\xampp\\htdocs\\wisata\\vendor\\laravel\\lumen-framework\\src\\Concerns\\RoutesRequests.php(167): Laravel\\Lumen\\Application->sendThroughPipeline(Array, Object(Closure))
#16 C:\\xampp\\htdocs\\wisata\\vendor\\laravel\\lumen-framework\\src\\Concerns\\RoutesRequests.php(112): Laravel\\Lumen\\Application->dispatch(NULL)
#17 C:\\xampp\\htdocs\\wisata\\public\\index.php(28): Laravel\\Lumen\\Application->run()
#18 {main}
"} 
[2025-11-10 01:54:32] local.ERROR: Token could not be parsed from the request. {"exception":"[object] (Tymon\\JWTAuth\\Exceptions\\JWTException(code: 0): Token could not be parsed from the request. at C:\\xampp\\htdocs\\wisata\\vendor\\tymon\\jwt-auth\\src\\JWTGuard.php:412)
[stacktrace]
#0 C:\\xampp\\htdocs\\wisata\\vendor\\tymon\\jwt-auth\\src\\JWTGuard.php(152): Tymon\\JWTAuth\\JWTGuard->requireToken()
#1 C:\\xampp\\htdocs\\wisata\\vendor\\illuminate\\auth\\AuthManager.php(340): Tymon\\JWTAuth\\JWTGuard->logout()
#2 C:\\xampp\\htdocs\\wisata\\app\\Http\\Controllers\\AuthController.php(46): Illuminate\\Auth\\AuthManager->__call('logout', Array)
#3 C:\\xampp\\htdocs\\wisata\\vendor\\illuminate\\container\\BoundMethod.php(36): App\\Http\\Controllers\\AuthController->logout()
#4 C:\\xampp\\htdocs\\wisata\\vendor\\illuminate\\container\\Util.php(41): Illuminate\\Container\\BoundMethod::Illuminate\\Container\\{closure}()
#5 C:\\xampp\\htdocs\\wisata\\vendor\\illuminate\\container\\BoundMethod.php(93): Illuminate\\Container\\Util::unwrapIfClosure(Object(Closure))
#6 C:\\xampp\\htdocs\\wisata\\vendor\\illuminate\\container\\BoundMethod.php(35): Illuminate\\Container\\BoundMethod::callBoundMethod(Object(Laravel\\Lumen\\Application), Array, Object(Closure))
#7 C:\\xampp\\htdocs\\wisata\\vendor\\illuminate\\container\\Container.php(662): Illuminate\\Container\\BoundMethod::call(Object(Laravel\\Lumen\\Application), Array, Array, NULL)
#8 C:\\xampp\\htdocs\\wisata\\vendor\\laravel\\lumen-framework\\src\\Concerns\\RoutesRequests.php(391): Illuminate\\Container\\Container->call(Array, Array)
#9 C:\\xampp\\htdocs\\wisata\\vendor\\laravel\\lumen-framework\\src\\Concerns\\RoutesRequests.php(356): Laravel\\Lumen\\Application->callControllerCallable(Array, Array)
#10 C:\\xampp\\htdocs\\wisata\\vendor\\laravel\\lumen-framework\\src\\Concerns\\RoutesRequests.php(331): Laravel\\Lumen\\Application->callLumenController(Object(App\\Http\\Controllers\\AuthController), 'logout', Array)
#11 C:\\xampp\\htdocs\\wisata\\vendor\\laravel\\lumen-framework\\src\\Concerns\\RoutesRequests.php(284): Laravel\\Lumen\\Application->callControllerAction(Array)
#12 C:\\xampp\\htdocs\\wisata\\vendor\\laravel\\lumen-framework\\src\\Concerns\\RoutesRequests.php(269): Laravel\\Lumen\\Application->callActionOnArrayBasedRoute(Array)
#13 C:\\xampp\\htdocs\\wisata\\vendor\\laravel\\lumen-framework\\src\\Concerns\\RoutesRequests.php(171): Laravel\\Lumen\\Application->handleFoundRoute(Array)
#14 C:\\xampp\\htdocs\\wisata\\vendor\\laravel\\lumen-framework\\src\\Concerns\\RoutesRequests.php(431): Laravel\\Lumen\\Application->Laravel\\Lumen\\Concerns\\{closure}(Object(Laravel\\Lumen\\Http\\Request))
#15 C:\\xampp\\htdocs\\wisata\\vendor\\laravel\\lumen-framework\\src\\Concerns\\RoutesRequests.php(167): Laravel\\Lumen\\Application->sendThroughPipeline(Array, Object(Closure))
#16 C:\\xampp\\htdocs\\wisata\\vendor\\laravel\\lumen-framework\\src\\Concerns\\RoutesRequests.php(112): Laravel\\Lumen\\Application->dispatch(NULL)
#17 C:\\xampp\\htdocs\\wisata\\public\\index.php(28): Laravel\\Lumen\\Application->run()
#18 {main}
"} 
